<?xml version="1.0" encoding="UTF-8"?>
<!-- Generated by org.testng.reporters.JUnitXMLReporter -->
<testsuite hostname="SZDJZBDT0105" ignored="4" name="Default test" tests="4" failures="0" timestamp="02 二月 2019 08:07:35 GMT" time="13.262" errors="0">
  <testcase name="detectBasicDataSetIndex" time="0.239" classname="com.yw.testcase.DetectBasicDataSetTest"/>
  <testcase name="detectItemIndex" time="2.263" classname="com.yw.testcase.DetectBasicDataSetTest"/>
  <testcase name="detectItemCreate" time="1.487" classname="com.yw.testcase.DetectBasicDataSetTest"/>
  <testcase name="detectItemModify" time="1.491" classname="com.yw.testcase.DetectBasicDataSetTest"/>
  <testcase name="detectItemDelete" time="0.0" classname="com.yw.testcase.DetectBasicDataSetTest">
    <ignored/>
  </testcase> <!-- detectItemDelete -->
  <testcase name="detectBasicDataSetCreate" time="0.0" classname="com.yw.testcase.DetectBasicDataSetTest">
    <ignored/>
  </testcase> <!-- detectBasicDataSetCreate -->
  <testcase name="detectBasicDataSetIndex" time="0.0" classname="com.yw.testcase.DetectBasicDataSetTest">
    <ignored/>
  </testcase> <!-- detectBasicDataSetIndex -->
  <testcase name="detectBasicDataSetDelete" time="0.0" classname="com.yw.testcase.DetectBasicDataSetTest">
    <ignored/>
  </testcase> <!-- detectBasicDataSetDelete -->
</testsuite> <!-- Default test -->
